<?xml version="1.0" encoding="UTF-8"?>
<!-- Generated by org.testng.reporters.JUnitXMLReporter -->
<testsuite ignored="0" hostname="Sayan" failures="0" tests="4" name="AddcustomerTest" time="26.911" errors="0" timestamp="02 Aug 2024 13:54:23 GMT">
  <testcase classname="com.testbot.testcases.AddCustomerTest" name="addCustomer" time="6.941"/>
  <testcase classname="com.testbot.testcases.AddCustomerTest" name="addCustomer" time="6.571"/>
  <testcase classname="com.testbot.testcases.AddCustomerTest" name="addCustomer" time="6.504"/>
  <testcase classname="com.testbot.testcases.AddCustomerTest" name="addCustomer" time="6.501"/>
</testsuite> <!-- AddcustomerTest -->
