<?xml version="1.0" encoding="UTF-8"?>
<testng-results ignored="0" total="1" passed="1" failed="0" skipped="0">
  <reporter-output>
  </reporter-output>
  <suite started-at="2024-04-15T17:16:24Z" name="Data Driven Basics" finished-at="2024-04-15T17:16:26Z" duration-ms="1259">
    <groups>
    </groups>
    <test started-at="2024-04-15T17:16:24Z" name="LoginTest" finished-at="2024-04-15T17:16:26Z" duration-ms="1259">
      <class name="com.testbot.testcases.LoginTest">
        <test-method is-config="true" signature="setUp()[pri:0, instance:com.testbot.testcases.LoginTest@38467116]" started-at="2024-04-15T17:16:16Z" name="setUp" finished-at="2024-04-15T17:16:24Z" duration-ms="7971" status="PASS">
          <reporter-output>
          </reporter-output>
        </test-method> <!-- setUp -->
        <test-method signature="LoginAsManager()[pri:0, instance:com.testbot.testcases.LoginTest@38467116]" started-at="2024-04-15T17:16:24Z" name="LoginAsManager" finished-at="2024-04-15T17:16:26Z" duration-ms="1203" status="PASS">
          <reporter-output>
          </reporter-output>
        </test-method> <!-- LoginAsManager -->
        <test-method is-config="true" signature="tearDown()[pri:0, instance:com.testbot.testcases.LoginTest@38467116]" started-at="2024-04-15T17:16:27Z" name="tearDown" finished-at="2024-04-15T17:16:27Z" duration-ms="391" status="PASS">
          <reporter-output>
          </reporter-output>
        </test-method> <!-- tearDown -->
      </class> <!-- com.testbot.testcases.LoginTest -->
    </test> <!-- LoginTest -->
  </suite> <!-- Data Driven Basics -->
</testng-results>
